<?xml version="1.0" encoding="UTF-8"?>
<testsuites>
  <testsuite name="IntegrationTests" tests="19" assertions="78" errors="0" warnings="0" failures="0" skipped="0" time="0.003533">
    <testsuite name="AssetsHelperIntegrationTest" file="/home/frederic/git/gvv/application/tests/integration/AssetsHelperIntegrationTest.php" tests="7" assertions="26" errors="0" warnings="0" failures="0" skipped="0" time="0.000877">
      <testcase name="testThemeFunctionIntegration" class="AssetsHelperIntegrationTest" classname="AssetsHelperIntegrationTest" file="/home/frederic/git/gvv/application/tests/integration/AssetsHelperIntegrationTest.php" line="31" assertions="3" time="0.000230"/>
      <testcase name="testCssUrlFunctionIntegration" class="AssetsHelperIntegrationTest" classname="AssetsHelperIntegrationTest" file="/home/frederic/git/gvv/application/tests/integration/AssetsHelperIntegrationTest.php" line="44" assertions="3" time="0.000040"/>
      <testcase name="testJsUrlFunctionIntegration" class="AssetsHelperIntegrationTest" classname="AssetsHelperIntegrationTest" file="/home/frederic/git/gvv/application/tests/integration/AssetsHelperIntegrationTest.php" line="58" assertions="3" time="0.000031"/>
      <testcase name="testMultipleAssetFunctions" class="AssetsHelperIntegrationTest" classname="AssetsHelperIntegrationTest" file="/home/frederic/git/gvv/application/tests/integration/AssetsHelperIntegrationTest.php" line="71" assertions="5" time="0.000082"/>
      <testcase name="testHelperLoadingMechanism" class="AssetsHelperIntegrationTest" classname="AssetsHelperIntegrationTest" file="/home/frederic/git/gvv/application/tests/integration/AssetsHelperIntegrationTest.php" line="93" assertions="3" time="0.000422"/>
      <testcase name="testConfigIntegration" class="AssetsHelperIntegrationTest" classname="AssetsHelperIntegrationTest" file="/home/frederic/git/gvv/application/tests/integration/AssetsHelperIntegrationTest.php" line="110" assertions="3" time="0.000037"/>
      <testcase name="testDifferentAssetNames" class="AssetsHelperIntegrationTest" classname="AssetsHelperIntegrationTest" file="/home/frederic/git/gvv/application/tests/integration/AssetsHelperIntegrationTest.php" line="127" assertions="6" time="0.000035"/>
    </testsuite>
    <testsuite name="CategorieModelIntegrationTest" file="/home/frederic/git/gvv/application/tests/integration/CategorieModelIntegrationTest.php" tests="6" assertions="24" errors="0" warnings="0" failures="0" skipped="0" time="0.000775">
      <testcase name="testBasicCrudOperations" class="CategorieModelIntegrationTest" classname="CategorieModelIntegrationTest" file="/home/frederic/git/gvv/application/tests/integration/CategorieModelIntegrationTest.php" line="74" assertions="10" time="0.000183"/>
      <testcase name="testImageMethod" class="CategorieModelIntegrationTest" classname="CategorieModelIntegrationTest" file="/home/frederic/git/gvv/application/tests/integration/CategorieModelIntegrationTest.php" line="124" assertions="3" time="0.000134"/>
      <testcase name="testSelectPageMethod" class="CategorieModelIntegrationTest" classname="CategorieModelIntegrationTest" file="/home/frederic/git/gvv/application/tests/integration/CategorieModelIntegrationTest.php" line="153" assertions="6" time="0.000124"/>
      <testcase name="testDatabaseConstraints" class="CategorieModelIntegrationTest" classname="CategorieModelIntegrationTest" file="/home/frederic/git/gvv/application/tests/integration/CategorieModelIntegrationTest.php" line="199" assertions="1" time="0.000108"/>
      <testcase name="testMultipleCategoriesAndSearch" class="CategorieModelIntegrationTest" classname="CategorieModelIntegrationTest" file="/home/frederic/git/gvv/application/tests/integration/CategorieModelIntegrationTest.php" line="226" assertions="3" time="0.000117"/>
      <testcase name="testTransactionRollback" class="CategorieModelIntegrationTest" classname="CategorieModelIntegrationTest" file="/home/frederic/git/gvv/application/tests/integration/CategorieModelIntegrationTest.php" line="272" assertions="1" time="0.000109"/>
    </testsuite>
    <testsuite name="FormElementsIntegrationTest" file="/home/frederic/git/gvv/application/tests/integration/FormElementsIntegrationTest.php" tests="6" assertions="28" errors="0" warnings="0" failures="0" skipped="0" time="0.001880">
      <testcase name="testAddFirstRowIntegration" class="FormElementsIntegrationTest" classname="FormElementsIntegrationTest" file="/home/frederic/git/gvv/application/tests/integration/FormElementsIntegrationTest.php" line="36" assertions="6" time="0.001252"/>
      <testcase name="testAddFirstColIntegration" class="FormElementsIntegrationTest" classname="FormElementsIntegrationTest" file="/home/frederic/git/gvv/application/tests/integration/FormElementsIntegrationTest.php" line="58" assertions="5" time="0.000040"/>
      <testcase name="testCompleteTableWorkflow" class="FormElementsIntegrationTest" classname="FormElementsIntegrationTest" file="/home/frederic/git/gvv/application/tests/integration/FormElementsIntegrationTest.php" line="79" assertions="7" time="0.000036"/>
      <testcase name="testInputFieldFunction" class="FormElementsIntegrationTest" classname="FormElementsIntegrationTest" file="/home/frederic/git/gvv/application/tests/integration/FormElementsIntegrationTest.php" line="109" assertions="4" time="0.000039"/>
      <testcase name="testDropdownFieldFunction" class="FormElementsIntegrationTest" classname="FormElementsIntegrationTest" file="/home/frederic/git/gvv/application/tests/integration/FormElementsIntegrationTest.php" line="127" assertions="3" time="0.000037"/>
      <testcase name="testHelperWithDatabaseIntegration" class="FormElementsIntegrationTest" classname="FormElementsIntegrationTest" file="/home/frederic/git/gvv/application/tests/integration/FormElementsIntegrationTest.php" line="149" assertions="3" time="0.000476"/>
    </testsuite>
  </testsuite>
</testsuites>
